{
  "stats": {
    "suites": 2,
    "tests": 6,
    "passes": 6,
    "pending": 0,
    "failures": 0,
    "start": "2021-03-23T17:34:06.662Z",
    "end": "2021-03-23T17:34:28.843Z",
    "duration": 22181,
    "testsRegistered": 6,
    "passPercent": 100,
    "pendingPercent": 0,
    "other": 0,
    "hasOther": false,
    "skipped": 0,
    "hasSkipped": false
  },
  "results": [
    {
      "uuid": "8ed9482a-3f17-43da-aefe-1c1a9adc7418",
      "title": "",
      "fullFile": "",
      "file": "",
      "beforeHooks": [],
      "afterHooks": [],
      "tests": [],
      "suites": [
        {
          "uuid": "cd77138c-b30f-49b5-9e0b-9da79c881d26",
          "title": "Home page scenarios",
          "fullFile": "D:\\coding\\selenium\\test\\library.test.js",
          "file": "\\test\\library.test.js",
          "beforeHooks": [
            {
              "title": "\"before each\" hook in \"Home page scenarios\"",
              "fullTitle": "Home page scenarios \"before each\" hook in \"Home page scenarios\"",
              "timedOut": false,
              "duration": 913,
              "state": null,
              "speed": null,
              "pass": false,
              "fail": false,
              "pending": false,
              "context": null,
              "code": "page = new Page();\nawait page.driver.manage().window().maximize();\npage.visit('http://library-app.firebaseapp.com');\n\nawait page.driver;",
              "err": {},
              "uuid": "f6717aab-d2d0-40c1-9720-65ce0bd862b2",
              "parentUUID": "cd77138c-b30f-49b5-9e0b-9da79c881d26",
              "isHook": true,
              "skipped": false
            }
          ],
          "afterHooks": [
            {
              "title": "\"after each\" hook in \"Home page scenarios\"",
              "fullTitle": "Home page scenarios \"after each\" hook in \"Home page scenarios\"",
              "timedOut": false,
              "duration": 78,
              "state": null,
              "speed": null,
              "pass": false,
              "fail": false,
              "pending": false,
              "context": null,
              "code": "// await page.driver.sleep(3000);\nawait page.quit();",
              "err": {},
              "uuid": "deac580c-6d6a-4a0f-81e8-e7fcdf877f4c",
              "parentUUID": "cd77138c-b30f-49b5-9e0b-9da79c881d26",
              "isHook": true,
              "skipped": false
            }
          ],
          "tests": [
            {
              "title": "Email format check",
              "fullTitle": "Home page scenarios Email format check",
              "timedOut": false,
              "duration": 1714,
              "state": "passed",
              "speed": "slow",
              "pass": true,
              "fail": false,
              "pending": false,
              "context": null,
              "code": "this.timeout(10000);\nvar btn = await page.requestBtn();\nbtn.opacity.should.equal('1');\nbtn.state.should.be.true;",
              "err": {},
              "uuid": "c4722833-ae71-4855-a6e7-9a22df2d5c2c",
              "parentUUID": "cd77138c-b30f-49b5-9e0b-9da79c881d26",
              "isHook": false,
              "skipped": false
            },
            {
              "title": "Getting fake Id",
              "fullTitle": "Home page scenarios Getting fake Id",
              "timedOut": false,
              "duration": 2827,
              "state": "passed",
              "speed": "slow",
              "pass": true,
              "fail": false,
              "pending": false,
              "context": null,
              "code": "this.timeout(10000);\nvar alert = await page.alertSuccess();\nalert.should.contain(\"Thank you!\");\n// ****If you need to use fake Id, use this:****\n// var regExpPattern = /-.*/g;\n// var fakeId = await alert.match(regExpPattern)[0];\n// console.log('Yor fake id is: ', fakeId);",
              "err": {},
              "uuid": "626fbe9c-b0f0-48ca-b404-bf7403e386ab",
              "parentUUID": "cd77138c-b30f-49b5-9e0b-9da79c881d26",
              "isHook": false,
              "skipped": false
            },
            {
              "title": "Navbar elements check",
              "fullTitle": "Home page scenarios Navbar elements check",
              "timedOut": false,
              "duration": 1687,
              "state": "passed",
              "speed": "slow",
              "pass": true,
              "fail": false,
              "pending": false,
              "context": null,
              "code": "this.timeout(10000);\nvar result = await page.navBarCheck();\nvar expectedResult = ['Home', 'Libraries', 'Authors', 'Books', 'About', 'Contact', 'Admin'];\nJSON.stringify(result).should.equal(JSON.stringify(expectedResult));",
              "err": {},
              "uuid": "00d1e371-5686-408e-823d-e6d35e56d5cd",
              "parentUUID": "cd77138c-b30f-49b5-9e0b-9da79c881d26",
              "isHook": false,
              "skipped": false
            }
          ],
          "suites": [],
          "passes": [
            "c4722833-ae71-4855-a6e7-9a22df2d5c2c",
            "626fbe9c-b0f0-48ca-b404-bf7403e386ab",
            "00d1e371-5686-408e-823d-e6d35e56d5cd"
          ],
          "failures": [],
          "pending": [],
          "skipped": [],
          "duration": 6228,
          "root": false,
          "rootEmpty": false,
          "_timeout": 2000
        },
        {
          "uuid": "3e4744c9-2dcc-403d-9da8-5cf59b284bae",
          "title": "Libraries page scenarios",
          "fullFile": "D:\\coding\\selenium\\test\\libraryPage.test.js",
          "file": "\\test\\libraryPage.test.js",
          "beforeHooks": [
            {
              "title": "\"before each\" hook in \"Libraries page scenarios\"",
              "fullTitle": "Libraries page scenarios \"before each\" hook in \"Libraries page scenarios\"",
              "timedOut": false,
              "duration": 772,
              "state": null,
              "speed": null,
              "pass": false,
              "fail": false,
              "pending": false,
              "context": null,
              "code": "page = new Page();\nawait page.driver.manage().window().maximize();\npage.visit('http://library-app.firebaseapp.com/libraries');\nawait page.driver;",
              "err": {},
              "uuid": "7a8fef9d-c188-4964-8c03-dff0780df4a3",
              "parentUUID": "3e4744c9-2dcc-403d-9da8-5cf59b284bae",
              "isHook": true,
              "skipped": false
            }
          ],
          "afterHooks": [
            {
              "title": "\"after each\" hook in \"Libraries page scenarios\"",
              "fullTitle": "Libraries page scenarios \"after each\" hook in \"Libraries page scenarios\"",
              "timedOut": false,
              "duration": 48,
              "state": null,
              "speed": null,
              "pass": false,
              "fail": false,
              "pending": false,
              "context": null,
              "code": "// await page.driver.sleep(3000);\nawait page.quit();",
              "err": {},
              "uuid": "094e2a70-d52c-4ede-a8a6-da5bb9eb9d2d",
              "parentUUID": "3e4744c9-2dcc-403d-9da8-5cf59b284bae",
              "isHook": true,
              "skipped": false
            }
          ],
          "tests": [
            {
              "title": "Should list libraries",
              "fullTitle": "Libraries page scenarios Should list libraries",
              "timedOut": false,
              "duration": 2571,
              "state": "passed",
              "speed": "slow",
              "pass": true,
              "fail": false,
              "pending": false,
              "context": null,
              "code": "this.timeout(10000);\nvar libraries = await page.listLibraries();\nlibraries.should.have.length.above(5);",
              "err": {},
              "uuid": "1783741b-388c-4b0d-a2ac-f946c88b605a",
              "parentUUID": "3e4744c9-2dcc-403d-9da8-5cf59b284bae",
              "isHook": false,
              "skipped": false
            },
            {
              "title": "Should be able to add a new library",
              "fullTitle": "Libraries page scenarios Should be able to add a new library",
              "timedOut": false,
              "duration": 3699,
              "state": "passed",
              "speed": "slow",
              "pass": true,
              "fail": false,
              "pending": false,
              "context": null,
              "code": "this.timeout(10000);\nvar addLibrary = await page.addLibrary();\naddLibrary.libraryList.should.contain(addLibrary.libraryName);",
              "err": {},
              "uuid": "d9eeef87-4736-466d-99a9-d25bc5ae36fb",
              "parentUUID": "3e4744c9-2dcc-403d-9da8-5cf59b284bae",
              "isHook": false,
              "skipped": false
            },
            {
              "title": "Should be able to filter libraries",
              "fullTitle": "Libraries page scenarios Should be able to filter libraries",
              "timedOut": false,
              "duration": 4238,
              "state": "passed",
              "speed": "slow",
              "pass": true,
              "fail": false,
              "pending": false,
              "context": null,
              "code": "this.timeout(10000);\nvar libraries = await page.filterLibraries();\nlibraries.libraryList.should.contain(libraries.newLibrary);",
              "err": {},
              "uuid": "e73ace0e-4d29-4add-b6c4-b24493936918",
              "parentUUID": "3e4744c9-2dcc-403d-9da8-5cf59b284bae",
              "isHook": false,
              "skipped": false
            }
          ],
          "suites": [],
          "passes": [
            "1783741b-388c-4b0d-a2ac-f946c88b605a",
            "d9eeef87-4736-466d-99a9-d25bc5ae36fb",
            "e73ace0e-4d29-4add-b6c4-b24493936918"
          ],
          "failures": [],
          "pending": [],
          "skipped": [],
          "duration": 10508,
          "root": false,
          "rootEmpty": false,
          "_timeout": 2000
        }
      ],
      "passes": [],
      "failures": [],
      "pending": [],
      "skipped": [],
      "duration": 0,
      "root": true,
      "rootEmpty": true,
      "_timeout": 2000
    }
  ],
  "meta": {
    "mocha": {
      "version": "8.3.0"
    },
    "mochawesome": {
      "options": {
        "quiet": false,
        "reportFilename": "mochawesome",
        "saveHtml": true,
        "saveJson": true,
        "consoleReporter": "spec",
        "useInlineDiffs": false,
        "code": true
      },
      "version": "6.2.2"
    },
    "marge": {
      "options": null,
      "version": "5.2.0"
    }
  }
}